<?xml version="1.0" encoding="UTF-8"?>
<!-- Generated by org.testng.reporters.JUnitXMLReporter -->
<testsuite hostname="md2qjhdc" ignored="1" name="Test(failed)(failed)" tests="1" failures="1" timestamp="2021-10-31T00:36:39 IST" time="0.03" errors="0">
  <testcase name="failed" time="0.006" classname="practice.NewTest">
    <failure type="java.lang.AssertionError" message="expected [true] but found [false]">
      <![CDATA[java.lang.AssertionError: expected [true] but found [false]
at practice.NewTest.failed(NewTest.java:19)
at java.util.ArrayList.forEach(ArrayList.java:1259)
... Removed 31 stack frames]]>
    </failure>
  </testcase> <!-- failed -->
  <testcase name="passed" time="0.0" classname="practice.NewTest">
    <ignored/>
  </testcase> <!-- passed -->
</testsuite> <!-- Test(failed)(failed) -->
