<?xml version="1.0" encoding="UTF-8"?>
<!-- Generated by org.testng.reporters.JUnitXMLReporter -->
<testsuite hostname="md2qjhdc" ignored="0" name="Test" tests="5" failures="0" timestamp="2021-11-04T12:50:47 IST" time="0.035" errors="0">
  <testcase name="m1" time="0.005" classname="practice.Groups"/>
  <testcase name="m2" time="0.001" classname="practice.Groups"/>
  <testcase name="m3" time="0.001" classname="practice.Groups"/>
  <testcase name="m4" time="0.0" classname="practice.Groups"/>
  <testcase name="m5" time="0.0" classname="practice.Groups"/>
</testsuite> <!-- Test -->
