<?xml version="1.0" encoding="UTF-8"?>
<testng-results skipped="0" failed="0" ignored="0" total="1" passed="1">
  <reporter-output>
  </reporter-output>
  <suite name="Default suite" duration-ms="42349" started-at="2021-11-02T20:00:16 IST" finished-at="2021-11-02T20:00:58 IST">
    <groups>
    </groups>
    <test name="Default test" duration-ms="42349" started-at="2021-11-02T20:00:16 IST" finished-at="2021-11-02T20:00:58 IST">
      <class name="epsilon.FindAllLinks">
        <test-method status="PASS" signature="setUp()[pri:0, instance:epsilon.FindAllLinks@2173f6d9]" name="setUp" is-config="true" duration-ms="40714" started-at="2021-11-02T20:00:16 IST" finished-at="2021-11-02T20:00:57 IST">
          <reporter-output>
          </reporter-output>
        </test-method> <!-- setUp -->
        <test-method status="PASS" signature="f()[pri:0, instance:epsilon.FindAllLinks@2173f6d9]" name="f" duration-ms="955" started-at="2021-11-02T20:00:57 IST" finished-at="2021-11-02T20:00:58 IST">
          <reporter-output>
          </reporter-output>
        </test-method> <!-- f -->
        <test-method status="PASS" signature="tearDown()[pri:0, instance:epsilon.FindAllLinks@2173f6d9]" name="tearDown" is-config="true" duration-ms="653" started-at="2021-11-02T20:00:58 IST" finished-at="2021-11-02T20:00:58 IST">
          <reporter-output>
          </reporter-output>
        </test-method> <!-- tearDown -->
      </class> <!-- epsilon.FindAllLinks -->
    </test> <!-- Default test -->
  </suite> <!-- Default suite -->
</testng-results>
