<?xml version="1.0" encoding="UTF-8"?>
<testng-results skipped="0" failed="0" ignored="0" total="1" passed="1">
  <reporter-output>
  </reporter-output>
  <suite name="Default suite" duration-ms="6939" started-at="2021-11-08T18:22:10 IST" finished-at="2021-11-08T18:22:17 IST">
    <groups>
    </groups>
    <test name="Default test" duration-ms="6939" started-at="2021-11-08T18:22:10 IST" finished-at="2021-11-08T18:22:17 IST">
      <class name="seleniumCoreFeature.CntrlShiftOperation">
        <test-method status="PASS" signature="setUp()[pri:0, instance:seleniumCoreFeature.CntrlShiftOperation@2173f6d9]" name="setUp" is-config="true" duration-ms="5726" started-at="2021-11-08T18:22:10 IST" finished-at="2021-11-08T18:22:16 IST">
          <reporter-output>
          </reporter-output>
        </test-method> <!-- setUp -->
        <test-method status="PASS" signature="controlShift()[pri:0, instance:seleniumCoreFeature.CntrlShiftOperation@2173f6d9]" name="controlShift" duration-ms="511" started-at="2021-11-08T18:22:16 IST" finished-at="2021-11-08T18:22:16 IST">
          <reporter-output>
          </reporter-output>
        </test-method> <!-- controlShift -->
        <test-method status="PASS" signature="tearDown()[pri:0, instance:seleniumCoreFeature.CntrlShiftOperation@2173f6d9]" name="tearDown" is-config="true" duration-ms="670" started-at="2021-11-08T18:22:16 IST" finished-at="2021-11-08T18:22:17 IST">
          <reporter-output>
          </reporter-output>
        </test-method> <!-- tearDown -->
      </class> <!-- seleniumCoreFeature.CntrlShiftOperation -->
    </test> <!-- Default test -->
  </suite> <!-- Default suite -->
</testng-results>
